<?xml version="1.0" encoding="UTF-8"?>
<!-- Generated by org.testng.reporters.JUnitReportReporter -->
<testsuite hostname="AIPL-SEZ-LT-60" name="mobileweb.DemoTest" tests="1" failures="0" timestamp="19 Mar 2019 07:17:43 GMT" time="0.054" errors="0">
  <testcase name="test1" time="0.054" classname="mobileweb.DemoTest"/>
</testsuite> <!-- mobileweb.DemoTest -->
