<?xml version="1.0" encoding="UTF-8"?>
<!-- Generated by org.testng.reporters.JUnitReportReporter -->
<testsuite hostname="AIPL-SEZ-LT-60" name="mobileweb.CalcTests" tests="4" failures="0" timestamp="14 Mar 2019 06:04:34 GMT" time="54.621" errors="0">
  <testcase name="plus" time="13.140" classname="mobileweb.CalcTests"/>
  <testcase name="multiplication" time="14.629" classname="mobileweb.CalcTests"/>
  <testcase name="devide" time="13.488" classname="mobileweb.CalcTests"/>
  <testcase name="subtraction" time="13.364" classname="mobileweb.CalcTests"/>
</testsuite> <!-- mobileweb.CalcTests -->
