<?xml version="1.0" encoding="UTF-8"?>
<!-- Generated by org.testng.reporters.JUnitReportReporter -->
<testsuite hostname="AIPL-SEZ-LT-60" name="desktop.fdsf.CalcTests" tests="4" failures="0" timestamp="13 Mar 2019 09:21:20 GMT" time="10.018" errors="0">
  <testcase name="test3" time="2.579" classname="desktop.fdsf.CalcTests"/>
  <testcase name="test1" time="2.706" classname="desktop.fdsf.CalcTests"/>
  <testcase name="test2" time="2.416" classname="desktop.fdsf.CalcTests"/>
  <testcase name="test4" time="2.317" classname="desktop.fdsf.CalcTests"/>
</testsuite> <!-- desktop.fdsf.CalcTests -->
