<?xml version="1.0" encoding="UTF-8"?>
<!-- Generated by org.testng.reporters.JUnitReportReporter -->
<testsuite hostname="AIPL-SEZ-LT-60" name="mobileweb.StartAppiumServerByProgram" tests="1" failures="0" timestamp="19 Mar 2019 11:09:42 GMT" time="0.041" errors="0">
  <testcase name="test1" time="0.041" classname="mobileweb.StartAppiumServerByProgram"/>
</testsuite> <!-- mobileweb.StartAppiumServerByProgram -->
