<?xml version="1.0" encoding="UTF-8"?>
<!-- Generated by org.testng.reporters.JUnitReportReporter -->
<testsuite hostname="AIPL-SEZ-LT-60" name="mobileweb.Demo" tests="1" failures="0" timestamp="19 Mar 2019 10:56:07 GMT" time="0.035" errors="0">
  <testcase name="test1" time="0.035" classname="mobileweb.Demo"/>
</testsuite> <!-- mobileweb.Demo -->
