<?xml version="1.0" encoding="UTF-8"?>
<!-- Generated by org.testng.reporters.JUnitReportReporter -->
<testsuite hostname="AIPL-SEZ-LT-60" name="desktop.fdsf.CalcTest" tests="1" failures="0" timestamp="11 Feb 2019 11:11:32 GMT" time="17.820" errors="0">
  <testcase name="selectStandardViewSubtractNumbersTest" time="17.820" classname="desktop.fdsf.CalcTest"/>
</testsuite> <!-- desktop.fdsf.CalcTest -->
