<?xml version="1.0" encoding="UTF-8"?>
<!-- Generated by org.testng.reporters.JUnitReportReporter -->
<testsuite hostname="AIPL-SEZ-LT-60" name="desktop.fdsf.Calculator" tests="1" failures="0" timestamp="12 Mar 2019 09:41:57 GMT" time="2.704" errors="0">
  <testcase name="testCal" time="2.704" classname="desktop.fdsf.Calculator"/>
</testsuite> <!-- desktop.fdsf.Calculator -->
