<?xml version="1.0" encoding="UTF-8"?>
<!-- Generated by org.testng.reporters.JUnitReportReporter -->
<testsuite hostname="AIPL-SEZ-LT-60" name="mobileweb.WhatsAppTest" tests="1" failures="0" timestamp="3 Apr 2019 07:39:47 GMT" time="24.947" errors="0">
  <testcase name="accountCreationTest" time="24.947" classname="mobileweb.WhatsAppTest"/>
</testsuite> <!-- mobileweb.WhatsAppTest -->
